[debug] [2026-03-04T08:58:21.443Z] ----------------------------------------------------------------------
[debug] [2026-03-04T08:58:21.446Z] Command:       C:\Program Files\nodejs\node.exe C:\Users\bokeg\AppData\Roaming\npm\node_modules\firebase-tools\lib\bin\firebase.js init hosting
[debug] [2026-03-04T08:58:21.447Z] CLI Version:   14.24.2
[debug] [2026-03-04T08:58:21.447Z] Platform:      win32
[debug] [2026-03-04T08:58:21.447Z] Node Version:  v22.19.0
[debug] [2026-03-04T08:58:21.447Z] Time:          Wed Mar 04 2026 11:58:21 GMT+0300 (GMT+03:00)
[debug] [2026-03-04T08:58:21.448Z] ----------------------------------------------------------------------
[debug] 
[debug] [2026-03-04T08:58:21.450Z] >>> [apiv2][query] GET https://firebase-public.firebaseio.com/cli.json [none]
[info] 
     ######## #### ########  ######## ########     ###     ######  ########
     ##        ##  ##     ## ##       ##     ##  ##   ##  ##       ##
     ######    ##  ########  ######   ########  #########  ######  ######
     ##        ##  ##    ##  ##       ##     ## ##     ##       ## ##
     ##       #### ##     ## ######## ########  ##     ##  ######  ########

You're about to initialize a Firebase project in this directory:

  C:\Projects\team-management

Before we get started, keep in mind:

  * You are currently outside your home directory

[debug] [2026-03-04T08:58:29.725Z] <<< [apiv2][status] GET https://firebase-public.firebaseio.com/cli.json 200
[debug] [2026-03-04T08:58:29.726Z] <<< [apiv2][body] GET https://firebase-public.firebaseio.com/cli.json {"cloudBuildErrorAfter":1594252800000,"cloudBuildWarnAfter":1590019200000,"defaultNode10After":1594252800000,"minVersion":"3.0.5","node8DeploysDisabledAfter":1613390400000,"node8RuntimeDisabledAfter":1615809600000,"node8WarnAfter":1600128000000}
[info] 
=== Project Setup
[info] 
[info] First, let's associate this project directory with a Firebase project.
[info] You can create multiple project aliases by running firebase use --add, 
[info] 
[info] i  If you want to create a project in a Google Cloud organization or folder, please use "firebase projects:create" instead, and return to this command when you've created the project. 
[debug] [2026-03-04T08:58:36.671Z] > command requires scopes: ["email","openid","https://www.googleapis.com/auth/cloudplatformprojects.readonly","https://www.googleapis.com/auth/firebase","https://www.googleapis.com/auth/cloud-platform"]
[debug] [2026-03-04T08:58:36.671Z] > authorizing via signed-in user (hef145327@gmail.com)
[debug] [2026-03-04T08:58:46.995Z] Checked if tokens are valid: false, expires at: 1769391152445
[debug] [2026-03-04T08:58:46.995Z] Checked if tokens are valid: false, expires at: 1769391152445
[debug] [2026-03-04T08:58:46.995Z] > refreshing access token with scopes: []
[debug] [2026-03-04T08:58:46.997Z] >>> [apiv2][query] POST https://www.googleapis.com/oauth2/v3/token [none]
[debug] [2026-03-04T08:58:46.997Z] >>> [apiv2][body] POST https://www.googleapis.com/oauth2/v3/token [omitted]
[debug] [2026-03-04T08:58:47.339Z] <<< [apiv2][status] POST https://www.googleapis.com/oauth2/v3/token 200
[debug] [2026-03-04T08:58:47.339Z] <<< [apiv2][body] POST https://www.googleapis.com/oauth2/v3/token [omitted]
[debug] [2026-03-04T08:58:47.363Z] >>> [apiv2][query] POST https://firebase.googleapis.com/v1/projects:checkProjectId [none]
[debug] [2026-03-04T08:58:47.363Z] >>> [apiv2][body] POST https://firebase.googleapis.com/v1/projects:checkProjectId {"proposedId":"team-management"}
[debug] [2026-03-04T08:58:48.438Z] <<< [apiv2][status] POST https://firebase.googleapis.com/v1/projects:checkProjectId 200
[debug] [2026-03-04T08:58:48.438Z] <<< [apiv2][body] POST https://firebase.googleapis.com/v1/projects:checkProjectId {"projectIdStatus":"PROJECT_ID_UNAVAILABLE","suggestedProjectId":"team-management-530b6"}
[debug] [2026-03-04T08:58:57.129Z] Checked if tokens are valid: true, expires at: 1772618326339
[debug] [2026-03-04T08:58:57.130Z] Checked if tokens are valid: true, expires at: 1772618326339
[debug] [2026-03-04T08:58:57.131Z] >>> [apiv2][query] POST https://firebase.googleapis.com/v1/projects:checkProjectId [none]
[debug] [2026-03-04T08:58:57.131Z] >>> [apiv2][body] POST https://firebase.googleapis.com/v1/projects:checkProjectId {"proposedId":"ekipyonetim"}
[debug] [2026-03-04T08:58:57.563Z] <<< [apiv2][status] POST https://firebase.googleapis.com/v1/projects:checkProjectId 200
[debug] [2026-03-04T08:58:57.564Z] <<< [apiv2][body] POST https://firebase.googleapis.com/v1/projects:checkProjectId {"projectIdStatus":"PROJECT_ID_AVAILABLE","suggestedProjectId":"ekipyonetim"}
[debug] [2026-03-04T08:58:59.350Z] Checked if tokens are valid: true, expires at: 1772618326339
[debug] [2026-03-04T08:58:59.351Z] Checked if tokens are valid: true, expires at: 1772618326339
[debug] [2026-03-04T08:58:59.351Z] >>> [apiv2][query] POST https://cloudresourcemanager.googleapis.com/v1/projects [none]
[debug] [2026-03-04T08:58:59.351Z] >>> [apiv2][body] POST https://cloudresourcemanager.googleapis.com/v1/projects {"projectId":"ekipyonetim","name":"ekipyonetim"}
[debug] [2026-03-04T08:59:00.644Z] <<< [apiv2][status] POST https://cloudresourcemanager.googleapis.com/v1/projects 200
[debug] [2026-03-04T08:59:00.644Z] <<< [apiv2][body] POST https://cloudresourcemanager.googleapis.com/v1/projects {"name":"operations/create_project.global.5870927143026515993"}
[debug] [2026-03-04T08:59:00.645Z] Checked if tokens are valid: true, expires at: 1772618326339
[debug] [2026-03-04T08:59:00.645Z] Checked if tokens are valid: true, expires at: 1772618326339
[debug] [2026-03-04T08:59:00.645Z] >>> [apiv2][query] GET https://cloudresourcemanager.googleapis.com/v1/operations/create_project.global.5870927143026515993 [none]
[debug] [2026-03-04T08:59:01.482Z] <<< [apiv2][status] GET https://cloudresourcemanager.googleapis.com/v1/operations/create_project.global.5870927143026515993 200
[debug] [2026-03-04T08:59:01.482Z] <<< [apiv2][body] GET https://cloudresourcemanager.googleapis.com/v1/operations/create_project.global.5870927143026515993 {"name":"operations/create_project.global.5870927143026515993"}
[debug] [2026-03-04T08:59:01.995Z] [Project Creation Poller] Retrying task index 0
[debug] [2026-03-04T08:59:01.996Z] Checked if tokens are valid: true, expires at: 1772618326339
[debug] [2026-03-04T08:59:01.996Z] Checked if tokens are valid: true, expires at: 1772618326339
[debug] [2026-03-04T08:59:01.997Z] >>> [apiv2][query] GET https://cloudresourcemanager.googleapis.com/v1/operations/create_project.global.5870927143026515993 [none]
[debug] [2026-03-04T08:59:02.219Z] <<< [apiv2][status] GET https://cloudresourcemanager.googleapis.com/v1/operations/create_project.global.5870927143026515993 200
[debug] [2026-03-04T08:59:02.219Z] <<< [apiv2][body] GET https://cloudresourcemanager.googleapis.com/v1/operations/create_project.global.5870927143026515993 {"name":"operations/create_project.global.5870927143026515993","metadata":{"@type":"type.googleapis.com/google.cloudresourcemanager.v1.ProjectCreationStatus","gettable":true,"ready":true},"done":true,"response":{"@type":"type.googleapis.com/google.cloudresourcemanager.v1.Project","projectNumber":"367726538269","projectId":"ekipyonetim","lifecycleState":"ACTIVE","name":"ekipyonetim","createTime":"2026-03-04T08:59:06.526737Z"}}
[debug] [2026-03-04T08:59:02.221Z] Checked if tokens are valid: true, expires at: 1772618326339
[debug] [2026-03-04T08:59:02.221Z] Checked if tokens are valid: true, expires at: 1772618326339
[debug] [2026-03-04T08:59:02.221Z] >>> [apiv2][query] POST https://firebase.googleapis.com/v1beta1/projects/ekipyonetim:addFirebase [none]
[debug] [2026-03-04T08:59:04.027Z] <<< [apiv2][status] POST https://firebase.googleapis.com/v1beta1/projects/ekipyonetim:addFirebase 200
[debug] [2026-03-04T08:59:04.027Z] <<< [apiv2][body] POST https://firebase.googleapis.com/v1beta1/projects/ekipyonetim:addFirebase {"name":"operations/workflows/NTNmZGI5YzktYzUxNC00MTUxLTgxNGYtMGYxNGVlODY1NTlj"}
[debug] [2026-03-04T08:59:04.028Z] Checked if tokens are valid: true, expires at: 1772618326339
[debug] [2026-03-04T08:59:04.028Z] Checked if tokens are valid: true, expires at: 1772618326339
[debug] [2026-03-04T08:59:04.028Z] >>> [apiv2][query] GET https://firebase.googleapis.com/v1beta1/operations/workflows/NTNmZGI5YzktYzUxNC00MTUxLTgxNGYtMGYxNGVlODY1NTlj [none]
[debug] [2026-03-04T08:59:07.100Z] <<< [apiv2][status] GET https://firebase.googleapis.com/v1beta1/operations/workflows/NTNmZGI5YzktYzUxNC00MTUxLTgxNGYtMGYxNGVlODY1NTlj 200
[debug] [2026-03-04T08:59:07.100Z] <<< [apiv2][body] GET https://firebase.googleapis.com/v1beta1/operations/workflows/NTNmZGI5YzktYzUxNC00MTUxLTgxNGYtMGYxNGVlODY1NTlj {"name":"operations/workflows/NTNmZGI5YzktYzUxNC00MTUxLTgxNGYtMGYxNGVlODY1NTlj"}
[debug] [2026-03-04T08:59:07.615Z] [Add Firebase Poller] Retrying task index 0
[debug] [2026-03-04T08:59:07.617Z] Checked if tokens are valid: true, expires at: 1772618326339
[debug] [2026-03-04T08:59:07.617Z] Checked if tokens are valid: true, expires at: 1772618326339
[debug] [2026-03-04T08:59:07.617Z] >>> [apiv2][query] GET https://firebase.googleapis.com/v1beta1/operations/workflows/NTNmZGI5YzktYzUxNC00MTUxLTgxNGYtMGYxNGVlODY1NTlj [none]
[debug] [2026-03-04T08:59:08.569Z] <<< [apiv2][status] GET https://firebase.googleapis.com/v1beta1/operations/workflows/NTNmZGI5YzktYzUxNC00MTUxLTgxNGYtMGYxNGVlODY1NTlj 200
[debug] [2026-03-04T08:59:08.570Z] <<< [apiv2][body] GET https://firebase.googleapis.com/v1beta1/operations/workflows/NTNmZGI5YzktYzUxNC00MTUxLTgxNGYtMGYxNGVlODY1NTlj {"name":"operations/workflows/NTNmZGI5YzktYzUxNC00MTUxLTgxNGYtMGYxNGVlODY1NTlj"}
[debug] [2026-03-04T08:59:09.581Z] [Add Firebase Poller] Retrying task index 0
[debug] [2026-03-04T08:59:09.582Z] Checked if tokens are valid: true, expires at: 1772618326339
[debug] [2026-03-04T08:59:09.582Z] Checked if tokens are valid: true, expires at: 1772618326339
[debug] [2026-03-04T08:59:09.582Z] >>> [apiv2][query] GET https://firebase.googleapis.com/v1beta1/operations/workflows/NTNmZGI5YzktYzUxNC00MTUxLTgxNGYtMGYxNGVlODY1NTlj [none]
[debug] [2026-03-04T08:59:09.896Z] <<< [apiv2][status] GET https://firebase.googleapis.com/v1beta1/operations/workflows/NTNmZGI5YzktYzUxNC00MTUxLTgxNGYtMGYxNGVlODY1NTlj 200
[debug] [2026-03-04T08:59:09.896Z] <<< [apiv2][body] GET https://firebase.googleapis.com/v1beta1/operations/workflows/NTNmZGI5YzktYzUxNC00MTUxLTgxNGYtMGYxNGVlODY1NTlj {"name":"operations/workflows/NTNmZGI5YzktYzUxNC00MTUxLTgxNGYtMGYxNGVlODY1NTlj"}
[debug] [2026-03-04T08:59:11.899Z] [Add Firebase Poller] Retrying task index 0
[debug] [2026-03-04T08:59:11.900Z] Checked if tokens are valid: true, expires at: 1772618326339
[debug] [2026-03-04T08:59:11.900Z] Checked if tokens are valid: true, expires at: 1772618326339
[debug] [2026-03-04T08:59:11.900Z] >>> [apiv2][query] GET https://firebase.googleapis.com/v1beta1/operations/workflows/NTNmZGI5YzktYzUxNC00MTUxLTgxNGYtMGYxNGVlODY1NTlj [none]
[debug] [2026-03-04T08:59:12.135Z] <<< [apiv2][status] GET https://firebase.googleapis.com/v1beta1/operations/workflows/NTNmZGI5YzktYzUxNC00MTUxLTgxNGYtMGYxNGVlODY1NTlj 200
[debug] [2026-03-04T08:59:12.136Z] <<< [apiv2][body] GET https://firebase.googleapis.com/v1beta1/operations/workflows/NTNmZGI5YzktYzUxNC00MTUxLTgxNGYtMGYxNGVlODY1NTlj {"name":"operations/workflows/NTNmZGI5YzktYzUxNC00MTUxLTgxNGYtMGYxNGVlODY1NTlj","done":true,"response":{"@type":"type.googleapis.com/google.firebase.service.v1beta1.FirebaseProject","projectId":"ekipyonetim","projectNumber":"367726538269","displayName":"ekipyonetim","name":"projects/ekipyonetim","resources":{"hostingSite":"ekipyonetim"}}}
[info] 
[info] === Your Firebase project is ready! ===
[info] 
[info] Project information:
[info]    - Project ID: ekipyonetim
[info]    - Project Name: ekipyonetim
[info] 
[info] Firebase console is available at
[info] https://console.firebase.google.com/project/ekipyonetim/overview
[info] 
=== Hosting Setup
[debug] [2026-03-04T08:59:12.163Z] Checked if tokens are valid: true, expires at: 1772618326339
[debug] [2026-03-04T08:59:12.163Z] Checked if tokens are valid: true, expires at: 1772618326339
[debug] [2026-03-04T08:59:12.164Z] >>> [apiv2][query] GET https://firebase.googleapis.com/v1beta1/projects/ekipyonetim [none]
[debug] [2026-03-04T08:59:12.806Z] <<< [apiv2][status] GET https://firebase.googleapis.com/v1beta1/projects/ekipyonetim 200
[debug] [2026-03-04T08:59:12.806Z] <<< [apiv2][body] GET https://firebase.googleapis.com/v1beta1/projects/ekipyonetim {"projectId":"ekipyonetim","projectNumber":"367726538269","displayName":"ekipyonetim","name":"projects/ekipyonetim","resources":{"hostingSite":"ekipyonetim"},"state":"ACTIVE","etag":"1_18ac1570-d16b-4bac-81bf-9c7fbafc7f1f"}
[info] 
[info] Your public directory is the folder (relative to your project directory) that
[info] will contain Hosting assets to be uploaded with firebase deploy. If you
[info] have a build process for your assets, use your build's output directory.
[info] 
[info] 
[info] i  Detected a .git folder at C:\Projects\team-management 
[info] i  Authorizing with GitHub to upload your service account to a GitHub repository's secrets store. 
[info] 
[info] Visit this URL on this device to log in:
[info] https://github.com/login/oauth/authorize?client_id=89cf50f02ac6aaed3484&state=1006270352&redirect_uri=http%3A%2F%2Flocalhost%3A9005&scope=read%3Auser%20repo%20public_repo
[info] 
[info] Waiting for authentication...
[debug] [2026-03-04T09:00:51.349Z] >>> [apiv2][query] POST https://github.com/login/oauth/access_token [none]
[debug] [2026-03-04T09:00:51.350Z] >>> [apiv2][body] POST https://github.com/login/oauth/access_token [stream]
[debug] [2026-03-04T09:00:52.530Z] <<< [apiv2][status] POST https://github.com/login/oauth/access_token 200
[debug] [2026-03-04T09:00:52.531Z] <<< [apiv2][body] POST https://github.com/login/oauth/access_token {"access_token":"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","token_type":"bearer","scope":"read:user,repo"}
[debug] [2026-03-04T09:00:52.537Z] >>> [apiv2][query] GET https://api.github.com/user [none]
[debug] [2026-03-04T09:00:53.019Z] <<< [apiv2][status] GET https://api.github.com/user 200
[debug] [2026-03-04T09:00:53.020Z] <<< [apiv2][body] GET https://api.github.com/user {"login":"FatihSahinBm","id":190980264,"node_id":"U_kgDOC2IgqA","avatar_url":"https://avatars.githubusercontent.com/u/190980264?v=4","gravatar_id":"","url":"https://api.github.com/users/FatihSahinBm","html_url":"https://github.com/FatihSahinBm","followers_url":"https://api.github.com/users/FatihSahinBm/followers","following_url":"https://api.github.com/users/FatihSahinBm/following{/other_user}","gists_url":"https://api.github.com/users/FatihSahinBm/gists{/gist_id}","starred_url":"https://api.github.com/users/FatihSahinBm/starred{/owner}{/repo}","subscriptions_url":"https://api.github.com/users/FatihSahinBm/subscriptions","organizations_url":"https://api.github.com/users/FatihSahinBm/orgs","repos_url":"https://api.github.com/users/FatihSahinBm/repos","events_url":"https://api.github.com/users/FatihSahinBm/events{/privacy}","received_events_url":"https://api.github.com/users/FatihSahinBm/received_events","type":"User","user_view_type":"private","site_admin":false,"name":"Fatih Şahin","company":null,"blog":"","location":null,"email":"fatihsahinbm@gmail.com","hireable":null,"bio":"Computer Engineering student | Full-stack & system-oriented thinker  \r\nBuilding scalable web apps, experimenting with AI-driven features  \r\nLearning by shipping","twitter_username":null,"notification_email":"fatihsahinbm@gmail.com","public_repos":3,"public_gists":0,"followers":1,"following":1,"created_at":"2024-12-07T23:49:09Z","updated_at":"2026-01-23T13:53:22Z","private_gists":0,"total_private_repos":1,"owned_private_repos":1,"disk_usage":224,"collaborators":3,"two_factor_authentication":false,"plan":{"name":"free","space":976562499,"collaborators":0,"private_repos":10000}}
[info] 
[info] +  Success! Logged into GitHub as FatihSahinBm 
[info] 
